<?xml version="1.0" encoding="UTF-8"?>
<!-- Generated by org.testng.reporters.JUnitXMLReporter -->
<testsuite ignored="0" hostname="DESKTOP-GTANLOK" failures="2" tests="2" name="testNG" time="0.094" errors="0" timestamp="20 Jan. 2020 13:17:56 GMT">
  <testcase classname="AssertionsTestNG.SoftAssertTestCase" name="@AfterClass tearDown" time="0.001">
    <failure type="java.lang.AssertionError" message="The following asserts failed:
	home page title is missing expected [false] but found [true],
	not able to create a deal expected [false] but found [true],
	not able to create a contact expected [false] but found [true],
	expected [false] but found [true]">
      <![CDATA[java.lang.AssertionError: The following asserts failed:
home page title is missing expected [false] but found [true],
not able to create a deal expected [false] but found [true],
not able to create a contact expected [false] but found [true],
expected [false] but found [true]
at AssertionsTestNG.SoftAssertTestCase.tearDown(SoftAssertTestCase.java:46)
... Removed 26 stack frames]]>
    </failure>
  </testcase> <!-- @AfterClass tearDown -->
  <testcase classname="AssertionsTestNG.SoftAssertTestCase" name="test1" time="0.023">
    <failure type="java.lang.AssertionError" message="The following asserts failed:
	home page title is missing expected [false] but found [true],
	not able to create a deal expected [false] but found [true],
	not able to create a contact expected [false] but found [true]">
      <![CDATA[java.lang.AssertionError: The following asserts failed:
home page title is missing expected [false] but found [true],
not able to create a deal expected [false] but found [true],
not able to create a contact expected [false] but found [true]
at AssertionsTestNG.SoftAssertTestCase.test1(SoftAssertTestCase.java:33)
... Removed 25 stack frames]]>
    </failure>
  </testcase> <!-- test1 -->
  <testcase classname="AssertionsTestNG.SoftAssertTestCase" name="test2" time="0.002">
    <failure type="java.lang.AssertionError" message="The following asserts failed:
	home page title is missing expected [false] but found [true],
	not able to create a deal expected [false] but found [true],
	not able to create a contact expected [false] but found [true],
	expected [false] but found [true]">
      <![CDATA[java.lang.AssertionError: The following asserts failed:
home page title is missing expected [false] but found [true],
not able to create a deal expected [false] but found [true],
not able to create a contact expected [false] but found [true],
expected [false] but found [true]
at AssertionsTestNG.SoftAssertTestCase.test2(SoftAssertTestCase.java:41)
... Removed 25 stack frames]]>
    </failure>
  </testcase> <!-- test2 -->
</testsuite> <!-- testNG -->
